i.aster.toar.txt
i.cluster.txt
i.colors.enhance.txt
i.eb.hsebal01.coords.txt
i.eb.hsebal01.txt
i.evapo.pt.txt
i.gensigset.txt
i.landsat.acca.txt
i.landsat.toar.txt
i.pca.txt
i.rectify.txt
i.segment.txt
i.smap.txt
i.topo.corr.ill.txt
i.topo.corr.txt
r.blend.combine.txt
r.blend.rgb.txt
r.fillnulls.txt
r.in.lidar.txt
r.random.surface.txt
r.resamp.bspline.txt
r.series.accumulate.txt
r.spread.txt
r.stats.quantile.out.txt
r.stats.quantile.rast.txt
r.sunhours.txt
r.surf.fractal.txt
r.texture.txt
r.tileset.txt
r.topmodel.topidxstats.txt
r.viewshed.txt
r.walk.coords.txt
r.walk.points.txt
r.walk.rast.txt
r.what.coords.txt
r.what.points.txt
