 Database: BDWORLD.
===============================================================================


  PRIORITY-AREAS ANALYSIS: Near-minimum-area set re-ordered by richness
  (all subgroups, data level 1 and above) in 2.9 seconds,
  0 within-set redundant areas rejected.

  Representation summary by area sequence

  Choices                        Taxon richness
  step  area                     abs  inc  cum  inc %  cum %

     1 14461                     159  159  159  41.09  41.09
     2 16661                     106   63  222  16.28  57.36
     3 10847                      79   37  259   9.56  66.93
     4 14473                      61   16  275   4.13  71.06
     5 17378                      77   15  290   3.88  74.94
     6  9042                      62   11  301   2.84  77.78
     7 14106                     125   10  311   2.58  80.36
     8 14484                      98    7  318   1.81  82.17
     9 14460                     119    6  324   1.55  83.72
    10 14457                      78    6  330   1.55  85.27
    11 13378                      72    5  335   1.29  86.56
    12 14481                      90    4  339   1.03  87.60
    13 11218                      28    4  343   1.03  88.63
    14 15235                      45    4  347   1.03  89.66
    15  7964                      46    3  350   0.78  90.44
    16 14470                      90    3  353   0.78  91.21
    17 17019                      87    3  356   0.78  91.99
    18 15944                      93    3  359   0.78  92.76
    19 11578                      72    2  361   0.52  93.28
    20 14124                      89    2  363   0.52  93.80
    21 14119                      91    2  365   0.52  94.32
    22 11215                      42    2  367   0.52  94.83
    23  7626                      20    2  369   0.52  95.35
    24  9764                      40    1  370   0.26  95.61
    25 14463                      97    1  371   0.26  95.87
    26 11224                      29    1  372   0.26  96.12
    27 14464                      86    1  373   0.26  96.38
    28 10122                      53    1  374   0.26  96.64
    29 17018                      77    1  375   0.26  96.90
    30 15946                      79    1  376   0.26  97.16
    31 14107                      49    1  377   0.26  97.42
    32 13383                      73    1  378   0.26  97.67
    33 11940                      53    1  379   0.26  97.93
    34 13017                      29    1  380   0.26  98.19
    35 14099                     114    1  381   0.26  98.45
    36 13738                      38    1  382   0.26  98.71
    37 14462                      74    1  383   0.26  98.97
    38 13018                      29    1  384   0.26  99.22
    39 12298                      14    1  385   0.26  99.48
    40 13394                      74    1  386   0.26  99.74
    41 19401                       1    1  387   0.26 100.00

   Upper bound to number of alternative flexible sets: 1872
  _________________________________________________


